<?xml version="1.0" encoding="UTF-8"?>
<testng-results skipped="0" failed="0" ignored="0" total="4" passed="4">
  <reporter-output>
  </reporter-output>
  <suite name="Default suite" duration-ms="2744" started-at="2020-02-24T23:54:12 GMT" finished-at="2020-02-24T23:54:15 GMT">
    <groups>
      <group name="cucumber">
        <method signature="AbstractTestNGCucumberTests.runScenario(io.cucumber.testng.PickleWrapper, io.cucumber.testng.FeatureWrapper)[pri:0, instance:runners.MyTestNGRunner@56aac163]" name="runScenario" class="io.cucumber.testng.AbstractTestNGCucumberTests"/>
      </group> <!-- cucumber -->
    </groups>
    <test name="Default test" duration-ms="2744" started-at="2020-02-24T23:54:12 GMT" finished-at="2020-02-24T23:54:15 GMT">
      <class name="runners.MyTestNGRunner">
        <test-method status="PASS" signature="setUpClass()[pri:0, instance:runners.MyTestNGRunner@56aac163]" name="setUpClass" is-config="true" duration-ms="460" started-at="2020-02-24T23:54:12 GMT" finished-at="2020-02-24T23:54:13 GMT">
          <reporter-output>
          </reporter-output>
        </test-method> <!-- setUpClass -->
        <test-method status="PASS" signature="runScenario(io.cucumber.testng.PickleWrapper, io.cucumber.testng.FeatureWrapper)[pri:0, instance:runners.MyTestNGRunner@56aac163]" name="runScenario" duration-ms="1368" started-at="2020-02-24T23:54:13 GMT" description="Runs Cucumber Scenarios" data-provider="scenarios" finished-at="2020-02-24T23:54:14 GMT">
          <params>
            <param index="0">
              <value>
                <![CDATA["Title of your scenario outline"]]>
              </value>
            </param>
            <param index="1">
              <value>
                <![CDATA["Title of your feature"]]>
              </value>
            </param>
          </params>
          <reporter-output>
          </reporter-output>
        </test-method> <!-- runScenario -->
        <test-method status="PASS" signature="runScenario(io.cucumber.testng.PickleWrapper, io.cucumber.testng.FeatureWrapper)[pri:0, instance:runners.MyTestNGRunner@56aac163]" name="runScenario" duration-ms="25" started-at="2020-02-24T23:54:14 GMT" description="Runs Cucumber Scenarios" data-provider="scenarios" finished-at="2020-02-24T23:54:14 GMT">
          <params>
            <param index="0">
              <value>
                <![CDATA["Title of your scenario outline"]]>
              </value>
            </param>
            <param index="1">
              <value>
                <![CDATA["Title of your feature"]]>
              </value>
            </param>
          </params>
          <reporter-output>
          </reporter-output>
        </test-method> <!-- runScenario -->
        <test-method status="PASS" signature="runScenario(io.cucumber.testng.PickleWrapper, io.cucumber.testng.FeatureWrapper)[pri:0, instance:runners.MyTestNGRunner@56aac163]" name="runScenario" duration-ms="69" started-at="2020-02-24T23:54:14 GMT" description="Runs Cucumber Scenarios" data-provider="scenarios" finished-at="2020-02-24T23:54:14 GMT">
          <params>
            <param index="0">
              <value>
                <![CDATA["Title of your scenario outline"]]>
              </value>
            </param>
            <param index="1">
              <value>
                <![CDATA["Title of your feature"]]>
              </value>
            </param>
          </params>
          <reporter-output>
          </reporter-output>
        </test-method> <!-- runScenario -->
        <test-method status="PASS" signature="runScenario(io.cucumber.testng.PickleWrapper, io.cucumber.testng.FeatureWrapper)[pri:0, instance:runners.MyTestNGRunner@56aac163]" name="runScenario" duration-ms="22" started-at="2020-02-24T23:54:14 GMT" description="Runs Cucumber Scenarios" data-provider="scenarios" finished-at="2020-02-24T23:54:14 GMT">
          <params>
            <param index="0">
              <value>
                <![CDATA["Title of your scenario outline"]]>
              </value>
            </param>
            <param index="1">
              <value>
                <![CDATA["Title of your feature"]]>
              </value>
            </param>
          </params>
          <reporter-output>
          </reporter-output>
        </test-method> <!-- runScenario -->
        <test-method status="PASS" signature="tearDownClass()[pri:0, instance:runners.MyTestNGRunner@56aac163]" name="tearDownClass" is-config="true" duration-ms="331" started-at="2020-02-24T23:54:14 GMT" finished-at="2020-02-24T23:54:15 GMT">
          <reporter-output>
          </reporter-output>
        </test-method> <!-- tearDownClass -->
      </class> <!-- runners.MyTestNGRunner -->
    </test> <!-- Default test -->
  </suite> <!-- Default suite -->
</testng-results>
